#
# There is insufficient memory for the Java Runtime Environment to continue.
# Native memory allocation (mmap) failed to map 1966080 bytes for G1 virtual space
# Possible reasons:
#   The system is out of physical RAM or swap space
#   The process is running with CompressedOops enabled, and the Java Heap may be blocking the growth of the native heap
# Possible solutions:
#   Reduce memory load on the system
#   Increase physical memory or swap space
#   Check if swap backing store is full
#   Decrease Java heap size (-Xmx/-Xms)
#   Decrease number of Java threads
#   Decrease Java thread stack sizes (-Xss)
#   Set larger code cache with -XX:ReservedCodeCacheSize=
#   JVM is running with Unscaled Compressed Oops mode in which the Java heap is
#     placed in the first 4GB address space. The Java Heap base address is the
#     maximum limit for the native heap growth. Please use -XX:HeapBaseMinAddress
#     to set the Java Heap base and to place the Java Heap above 4GB virtual address.
# This output file may be truncated or incomplete.
#
#  Out of Memory Error (os_windows.cpp:3466), pid=2520, tid=7296
#
# JRE version:  (16.0.1+9) (build )
# Java VM: Java HotSpot(TM) 64-Bit Server VM (16.0.1+9-24, mixed mode, sharing, tiered, compressed oops, compressed class ptrs, g1 gc, windows-amd64)
# No core dump will be written. Minidumps are not enabled by default on client versions of Windows
#

---------------  S U M M A R Y ------------

Command Line: -Dfile.encoding=Cp1252 --module-path=C:\Users\aneves\Documents\WSEclipse\NovoProjeto01\bin -Djdk.module.main=NovoProjeto01 NovoProjeto01/Academico.Principal

Host: Intel(R) Core(TM) i5-4460  CPU @ 3.20GHz, 4 cores, 7G,  Windows 10 , 64 bit Build 19041 (10.0.19041.1566)
Time: Mon Apr 11 19:07:08 2022 Hora oficial do Brasil elapsed time: 0.089295 seconds (0d 0h 0m 0s)

---------------  T H R E A D  ---------------

Current thread (0x0000016d919a8260):  JavaThread "Unknown thread" [_thread_in_vm, id=7296, stack(0x00000012bca00000,0x00000012bcb00000)]

Stack: [0x00000012bca00000,0x00000012bcb00000]
Native frames: (J=compiled Java code, j=interpreted, Vv=VM code, C=native code)
V  [jvm.dll+0x6687ca]
V  [jvm.dll+0x7ca3c9]
V  [jvm.dll+0x7cbb53]
V  [jvm.dll+0x7cc1b3]
V  [jvm.dll+0x242ea5]
V  [jvm.dll+0x665589]
V  [jvm.dll+0x65a175]
V  [jvm.dll+0x2fc5ab]
V  [jvm.dll+0x3037a6]
V  [jvm.dll+0x353018]
V  [jvm.dll+0x35321f]
V  [jvm.dll+0x2d3618]
V  [jvm.dll+0x2d4854]
V  [jvm.dll+0x79ccb1]
V  [jvm.dll+0x360de1]
V  [jvm.dll+0x77a990]
V  [jvm.dll+0x3e55af]
V  [jvm.dll+0x3e7081]
C  [jli.dll+0x52fb]
C  [ucrtbase.dll+0x21bb2]
C  [KERNEL32.DLL+0x17034]
C  [ntdll.dll+0x52651]


---------------  P R O C E S S  ---------------

Threads class SMR info:
_java_thread_list=0x00007ffff1b3cbb8, length=0, elements={
}

Java Threads: ( => current thread )

Other Threads:
  0x0000016d919e7d30 GCTaskThread "GC Thread#0" [stack: 0x00000012bcb00000,0x00000012bcc00000] [id=7556]
  0x0000016d919f8350 ConcurrentGCThread "G1 Main Marker" [stack: 0x00000012bcc00000,0x00000012bcd00000] [id=10272]
  0x0000016d919f8dc0 ConcurrentGCThread "G1 Conc#0" [stack: 0x00000012bcd00000,0x00000012bce00000] [id=5164]

[error occurred during error reporting (printing all threads), id 0xc0000005, EXCEPTION_ACCESS_VIOLATION (0xc0000005) at pc=0x00007ffff13144d7]

VM state: not at safepoint (not fully initialized)

VM Mutex/Monitor currently owned by a thread:  ([mutex/lock_event])
[0x0000016d919a40b0] Heap_lock - owner thread: 0x0000016d919a8260

Heap address: 0x0000000088e00000, size: 1906 MB, Compressed Oops mode: 32-bit

CDS archive(s) mapped at: [0x0000000000000000-0x0000000000000000-0x0000000000000000), size 0, SharedBaseAddress: 0x0000000800000000, ArchiveRelocationMode: 0.
Narrow klass base: 0x0000000000000000, Narrow klass shift: 0, Narrow klass range: 0x0

GC Precious Log:
<Empty>

Heap:
 garbage-first heap   total 0K, used 0K [0x0000000088e00000, 0x0000000100000000)
  region size 1024K, 0 young (0K), 0 survivors (0K)

[error occurred during error reporting (printing heap information), id 0xc0000005, EXCEPTION_ACCESS_VIOLATION (0xc0000005) at pc=0x00007ffff16f24ed]

GC Heap History (0 events):
No events

Deoptimization events (0 events):
No events

Classes unloaded (0 events):
No events

Classes redefined (0 events):
No events

Internal exceptions (0 events):
No events

Events (1 events):
Event: 0.006 Loaded shared library C:\Program Files\Java\jdk-16.0.1\bin\java.dll


Dynamic libraries:
0x00007ff676770000 - 0x00007ff676780000 	C:\Program Files\Java\jdk-16.0.1\bin\javaw.exe
0x00007ff84a630000 - 0x00007ff84a825000 	C:\WINDOWS\SYSTEM32\ntdll.dll
0x00007ff84a400000 - 0x00007ff84a4be000 	C:\WINDOWS\System32\KERNEL32.DLL
0x00007ff847ff0000 - 0x00007ff8482b8000 	C:\WINDOWS\System32\KERNELBASE.dll
0x00007ff848350000 - 0x00007ff848450000 	C:\WINDOWS\System32\ucrtbase.dll
0x00007ff8342f0000 - 0x00007ff834309000 	C:\Program Files\Java\jdk-16.0.1\bin\VCRUNTIME140.dll
0x00007ff8377b0000 - 0x00007ff8377c8000 	C:\Program Files\Java\jdk-16.0.1\bin\jli.dll
0x00007ff84a220000 - 0x00007ff84a2ce000 	C:\WINDOWS\System32\ADVAPI32.dll
0x00007ff849210000 - 0x00007ff8492ae000 	C:\WINDOWS\System32\msvcrt.dll
0x00007ff8486c0000 - 0x00007ff84875c000 	C:\WINDOWS\System32\sechost.dll
0x00007ff848910000 - 0x00007ff848a35000 	C:\WINDOWS\System32\RPCRT4.dll
0x00007ff849880000 - 0x00007ff849a20000 	C:\WINDOWS\System32\USER32.dll
0x00007ff8484a0000 - 0x00007ff8484c2000 	C:\WINDOWS\System32\win32u.dll
0x00007ff848690000 - 0x00007ff8486bb000 	C:\WINDOWS\System32\GDI32.dll
0x00007ff8484d0000 - 0x00007ff8485db000 	C:\WINDOWS\System32\gdi32full.dll
0x00007ff847eb0000 - 0x00007ff847f4d000 	C:\WINDOWS\System32\msvcp_win.dll
0x00007ff837800000 - 0x00007ff837a9a000 	C:\WINDOWS\WinSxS\amd64_microsoft.windows.common-controls_6595b64144ccf1df_6.0.19041.1110_none_60b5254171f9507e\COMCTL32.dll
0x00007ff83c3a0000 - 0x00007ff83c3aa000 	C:\WINDOWS\SYSTEM32\VERSION.dll
0x00007ff849f60000 - 0x00007ff849f90000 	C:\WINDOWS\System32\IMM32.DLL
0x00007ff837cd0000 - 0x00007ff837cdc000 	C:\Program Files\Java\jdk-16.0.1\bin\vcruntime140_1.dll
0x00007ff8308b0000 - 0x00007ff830941000 	C:\Program Files\Java\jdk-16.0.1\bin\msvcp140.dll
0x00007ffff1030000 - 0x00007ffff1bdb000 	C:\Program Files\Java\jdk-16.0.1\bin\server\jvm.dll
0x00007ff8491a0000 - 0x00007ff8491a8000 	C:\WINDOWS\System32\PSAPI.DLL
0x00007ff835e10000 - 0x00007ff835e19000 	C:\WINDOWS\SYSTEM32\WSOCK32.dll
0x00007ff84a390000 - 0x00007ff84a3fb000 	C:\WINDOWS\System32\WS2_32.dll
0x00007ff83cda0000 - 0x00007ff83cdc7000 	C:\WINDOWS\SYSTEM32\WINMM.dll
0x00007ff845c80000 - 0x00007ff845c92000 	C:\WINDOWS\SYSTEM32\kernel.appcore.dll
0x00007ff837b80000 - 0x00007ff837b8a000 	C:\Program Files\Java\jdk-16.0.1\bin\jimage.dll
0x00007ff839cb0000 - 0x00007ff839e94000 	C:\WINDOWS\SYSTEM32\DBGHELP.DLL
0x00007ff839c80000 - 0x00007ff839cac000 	C:\WINDOWS\SYSTEM32\dbgcore.DLL
0x00007ff8482c0000 - 0x00007ff848342000 	C:\WINDOWS\System32\bcryptPrimitives.dll
0x00007ff832000000 - 0x00007ff832025000 	C:\Program Files\Java\jdk-16.0.1\bin\java.dll

dbghelp: loaded successfully - version: 4.0.5 - missing functions: none
symbol engine: initialized successfully - sym options: 0x614 - pdb path: .;C:\Program Files\Java\jdk-16.0.1\bin;C:\WINDOWS\SYSTEM32;C:\WINDOWS\WinSxS\amd64_microsoft.windows.common-controls_6595b64144ccf1df_6.0.19041.1110_none_60b5254171f9507e;C:\Program Files\Java\jdk-16.0.1\bin\server

VM Arguments:
jvm_args: -Dfile.encoding=Cp1252 --module-path=C:\Users\aneves\Documents\WSEclipse\NovoProjeto01\bin -Djdk.module.main=NovoProjeto01 
java_command: NovoProjeto01/Academico.Principal
java_class_path (initial): <not set>
Launcher Type: SUN_STANDARD

[Global flags]
     intx CICompilerCount                          = 3                                         {product} {ergonomic}
     uint ConcGCThreads                            = 1                                         {product} {ergonomic}
     uint G1ConcRefinementThreads                  = 4                                         {product} {ergonomic}
   size_t G1HeapRegionSize                         = 1048576                                   {product} {ergonomic}
    uintx GCDrainStackTargetSize                   = 64                                        {product} {ergonomic}
   size_t InitialHeapSize                          = 125829120                                 {product} {ergonomic}
   size_t MarkStackSize                            = 4194304                                   {product} {ergonomic}
   size_t MaxHeapSize                              = 1998585856                                {product} {ergonomic}
   size_t MinHeapDeltaBytes                        = 1048576                                   {product} {ergonomic}
   size_t MinHeapSize                              = 8388608                                   {product} {ergonomic}
    uintx NonNMethodCodeHeapSize                   = 5832780                                {pd product} {ergonomic}
    uintx NonProfiledCodeHeapSize                  = 122912730                              {pd product} {ergonomic}
    uintx ProfiledCodeHeapSize                     = 122912730                              {pd product} {ergonomic}
    uintx ReservedCodeCacheSize                    = 251658240                              {pd product} {ergonomic}
     bool SegmentedCodeCache                       = true                                      {product} {ergonomic}
   size_t SoftMaxHeapSize                          = 1998585856                             {manageable} {ergonomic}
     bool UseCompressedClassPointers               = true                           {product lp64_product} {ergonomic}
     bool UseCompressedOops                        = true                           {product lp64_product} {ergonomic}
     bool UseG1GC                                  = true                                      {product} {ergonomic}
     bool UseLargePagesIndividualAllocation        = false                                  {pd product} {ergonomic}

Logging:
Log output configuration:
 #0: stdout all=warning uptime,level,tags
 #1: stderr all=off uptime,level,tags

Environment Variables:
PATH=C:\Program Files\Common Files\Oracle\Java\javapath;C:\ProgramData\Oracle\Java\javapath;C:\Program Files (x86)\Common Files\Oracle\Java\javapath;C:\WINDOWS\system32;C:\WINDOWS;C:\WINDOWS\System32\Wbem;C:\WINDOWS\System32\WindowsPowerShell\v1.0\;C:\Program Files\Microsoft VS Code\bin;C:\Program Files\MATLAB\MATLAB Production Server\R2015a\runtime\win64;C:\Program Files\MATLAB\MATLAB Production Server\R2015a\bin;C:\Program Files\MATLAB\MATLAB Production Server\R2015a\polyspace\bin;C:\PostgreSQL\pg10\bin;C:\Program Files\Microsoft SQL Server\130\Tools\Binn\;c:\Program Files (x86)\Microsoft SQL Server\100\Tools\Binn\;c:\Program Files\Microsoft SQL Server\100\Tools\Binn\;c:\Program Files\Microsoft SQL Server\100\DTS\Binn\;C:\Program Files\MiKTeX 2.9\miktex\bin\x64\;C:\WINDOWS\System32\OpenSSH\;C:\Program Files\Git\cmd;C:\Program Files\nodejs\;C:\ProgramData\chocolatey\bin;C:\Program Files (x86)\Yarn\bin\;C:\Program Files (x86)\Microsoft SQL Server\150\DTS\Binn\;C:\Program Files\Azure Data Studio\bin;C:\wamp64\bin\php\php5.6.35;C:\ProgramData\ComposerSetup\bin;C:\Users\aneves\AppData\Local\Microsoft\WindowsApps;
USERNAME=aneves
OS=Windows_NT
PROCESSOR_IDENTIFIER=Intel64 Family 6 Model 60 Stepping 3, GenuineIntel



---------------  S Y S T E M  ---------------

OS:
 Windows 10 , 64 bit Build 19041 (10.0.19041.1566)
OS uptime: 0 days 0:40 hours

CPU: total 4 (initial active 4) (4 cores per cpu, 1 threads per core) family 6 model 60 stepping 3 microcode 0x27, cx8, cmov, fxsr, mmx, sse, sse2, sse3, ssse3, sse4.1, sse4.2, popcnt, lzcnt, tsc, tscinvbit, avx, avx2, aes, erms, clmul, bmi1, bmi2, fma, vzeroupper, clflush

Memory: 4k page, system-wide physical 7621M (1683M free)
TotalPageFile size 7621M (AvailPageFile size 6M)
current process WorkingSet (physical memory assigned to process): 9M, peak: 9M
current process commit charge ("private bytes"): 173M, peak: 175M

vm_info: Java HotSpot(TM) 64-Bit Server VM (16.0.1+9-24) for windows-amd64 JRE (16.0.1+9-24), built on Mar 26 2021 19:31:42 by "mach5one" with MS VC++ 16.7 (VS2019)

END.
